<?xml version="1.0" encoding="UTF-8"?>
<!-- Generated by org.testng.reporters.JUnitXMLReporter -->
<testsuite ignored="1" hostname="MSI" failures="0" tests="4" name="Test" time="38.597" errors="0" timestamp="2025-03-13T19:35:49 IST">
  <testcase classname="com.qaautomation.functionaltests.LoginTests" name="TC001_LoginWithValidCredentials" time="5.534"/>
  <testcase classname="com.qaautomation.functionaltests.LoginTests" name="TC002_LoginWithInValidCredentials" time="4.841"/>
  <testcase classname="com.qaautomation.functionaltests.LoginTests" name="TC003_LoginWithoutCredentials" time="4.594"/>
  <testcase classname="com.qaautomation.functionaltests.LoginTests" name="TC004_LoginWithEnter" time="5.462"/>
  <testcase classname="com.qaautomation.functionaltests.HomePageTests" name="TC006_InsurnaceProjectTabValidation" time="0.0">
    <ignored/>
  </testcase> <!-- TC006_InsurnaceProjectTabValidation -->
</testsuite> <!-- Test -->
