<?xml version="1.0" encoding="UTF-8"?>
<testng-results ignored="0" total="4" passed="4" failed="0" skipped="0">
  <reporter-output>
  </reporter-output>
  <suite started-at="2025-03-13T19:35:10 IST" name="Suite" finished-at="2025-03-13T19:35:49 IST" duration-ms="38597">
    <groups>
      <group name="regression">
        <method signature="LoginTests.TC001_LoginWithValidCredentials(java.lang.String,java.lang.String,java.lang.String)[pri:1, instance:com.qaautomation.functionaltests.LoginTests@53976f5c]" name="TC001_LoginWithValidCredentials" class="com.qaautomation.functionaltests.LoginTests"/>
        <method signature="LoginTests.TC002_LoginWithInValidCredentials(java.lang.String,java.lang.String,java.lang.String)[pri:2, instance:com.qaautomation.functionaltests.LoginTests@53976f5c]" name="TC002_LoginWithInValidCredentials" class="com.qaautomation.functionaltests.LoginTests"/>
        <method signature="LoginTests.TC003_LoginWithoutCredentials()[pri:3, instance:com.qaautomation.functionaltests.LoginTests@53976f5c]" name="TC003_LoginWithoutCredentials" class="com.qaautomation.functionaltests.LoginTests"/>
        <method signature="LoginTests.TC004_LoginWithEnter(java.lang.String,java.lang.String,java.lang.String)[pri:4, instance:com.qaautomation.functionaltests.LoginTests@53976f5c]" name="TC004_LoginWithEnter" class="com.qaautomation.functionaltests.LoginTests"/>
      </group> <!-- regression -->
      <group name="smoke">
        <method signature="LoginTests.TC001_LoginWithValidCredentials(java.lang.String,java.lang.String,java.lang.String)[pri:1, instance:com.qaautomation.functionaltests.LoginTests@53976f5c]" name="TC001_LoginWithValidCredentials" class="com.qaautomation.functionaltests.LoginTests"/>
        <method signature="LoginTests.TC002_LoginWithInValidCredentials(java.lang.String,java.lang.String,java.lang.String)[pri:2, instance:com.qaautomation.functionaltests.LoginTests@53976f5c]" name="TC002_LoginWithInValidCredentials" class="com.qaautomation.functionaltests.LoginTests"/>
        <method signature="LoginTests.TC003_LoginWithoutCredentials()[pri:3, instance:com.qaautomation.functionaltests.LoginTests@53976f5c]" name="TC003_LoginWithoutCredentials" class="com.qaautomation.functionaltests.LoginTests"/>
        <method signature="LoginTests.TC004_LoginWithEnter(java.lang.String,java.lang.String,java.lang.String)[pri:4, instance:com.qaautomation.functionaltests.LoginTests@53976f5c]" name="TC004_LoginWithEnter" class="com.qaautomation.functionaltests.LoginTests"/>
      </group> <!-- smoke -->
    </groups>
    <test started-at="2025-03-13T19:35:10 IST" name="Test" finished-at="2025-03-13T19:35:49 IST" duration-ms="38597">
      <class name="com.qaautomation.functionaltests.LoginTests">
        <test-method is-config="true" signature="SetUp(org.testng.ITestContext)[pri:0, instance:com.qaautomation.functionaltests.LoginTests@53976f5c]" started-at="2025-03-13T19:35:12 IST" name="SetUp" finished-at="2025-03-13T19:35:16 IST" duration-ms="4603" status="PASS">
          <params>
            <param index="0">
              <value>
                <![CDATA[org.testng.TestRunner@20999517]]>
              </value>
            </param>
          </params>
          <reporter-output>
          </reporter-output>
        </test-method> <!-- SetUp -->
        <test-method signature="TC001_LoginWithValidCredentials(java.lang.String,java.lang.String,java.lang.String)[pri:1, instance:com.qaautomation.functionaltests.LoginTests@53976f5c]" started-at="2025-03-13T19:35:16 IST" name="TC001_LoginWithValidCredentials" data-provider="TC001_TestData" finished-at="2025-03-13T19:35:22 IST" duration-ms="5534" status="PASS">
          <params>
            <param index="0">
              <value>
                <![CDATA[mngr26593]]>
              </value>
            </param>
            <param index="1">
              <value>
                <![CDATA[123Abc@]]>
              </value>
            </param>
            <param index="2">
              <value>
                <![CDATA[Guru99 Bank Manager HomePage]]>
              </value>
            </param>
          </params>
          <reporter-output>
          </reporter-output>
        </test-method> <!-- TC001_LoginWithValidCredentials -->
        <test-method is-config="true" signature="TearDown()[pri:0, instance:com.qaautomation.functionaltests.LoginTests@53976f5c]" started-at="2025-03-13T19:35:22 IST" name="TearDown" finished-at="2025-03-13T19:35:22 IST" duration-ms="307" status="PASS">
          <reporter-output>
          </reporter-output>
        </test-method> <!-- TearDown -->
        <test-method is-config="true" signature="SetUp(org.testng.ITestContext)[pri:0, instance:com.qaautomation.functionaltests.LoginTests@53976f5c]" started-at="2025-03-13T19:35:22 IST" name="SetUp" finished-at="2025-03-13T19:35:26 IST" duration-ms="3436" status="PASS">
          <params>
            <param index="0">
              <value>
                <![CDATA[org.testng.TestRunner@20999517]]>
              </value>
            </param>
          </params>
          <reporter-output>
          </reporter-output>
        </test-method> <!-- SetUp -->
        <test-method signature="TC002_LoginWithInValidCredentials(java.lang.String,java.lang.String,java.lang.String)[pri:2, instance:com.qaautomation.functionaltests.LoginTests@53976f5c]" started-at="2025-03-13T19:35:26 IST" name="TC002_LoginWithInValidCredentials" data-provider="TC002_TestData" finished-at="2025-03-13T19:35:30 IST" duration-ms="4841" status="PASS">
          <params>
            <param index="0">
              <value>
                <![CDATA[mngr26593]]>
              </value>
            </param>
            <param index="1">
              <value>
                <![CDATA[123Abc]]>
              </value>
            </param>
            <param index="2">
              <value>
                <![CDATA[User or Password is not valid]]>
              </value>
            </param>
          </params>
          <reporter-output>
          </reporter-output>
        </test-method> <!-- TC002_LoginWithInValidCredentials -->
        <test-method is-config="true" signature="TearDown()[pri:0, instance:com.qaautomation.functionaltests.LoginTests@53976f5c]" started-at="2025-03-13T19:35:30 IST" name="TearDown" finished-at="2025-03-13T19:35:31 IST" duration-ms="240" status="PASS">
          <reporter-output>
          </reporter-output>
        </test-method> <!-- TearDown -->
        <test-method is-config="true" signature="SetUp(org.testng.ITestContext)[pri:0, instance:com.qaautomation.functionaltests.LoginTests@53976f5c]" started-at="2025-03-13T19:35:31 IST" name="SetUp" finished-at="2025-03-13T19:35:34 IST" duration-ms="3681" status="PASS">
          <params>
            <param index="0">
              <value>
                <![CDATA[org.testng.TestRunner@20999517]]>
              </value>
            </param>
          </params>
          <reporter-output>
          </reporter-output>
        </test-method> <!-- SetUp -->
        <test-method signature="TC003_LoginWithoutCredentials()[pri:3, instance:com.qaautomation.functionaltests.LoginTests@53976f5c]" started-at="2025-03-13T19:35:34 IST" name="TC003_LoginWithoutCredentials" finished-at="2025-03-13T19:35:39 IST" duration-ms="4594" status="PASS">
          <reporter-output>
          </reporter-output>
        </test-method> <!-- TC003_LoginWithoutCredentials -->
        <test-method is-config="true" signature="TearDown()[pri:0, instance:com.qaautomation.functionaltests.LoginTests@53976f5c]" started-at="2025-03-13T19:35:39 IST" name="TearDown" finished-at="2025-03-13T19:35:39 IST" duration-ms="362" status="PASS">
          <reporter-output>
          </reporter-output>
        </test-method> <!-- TearDown -->
        <test-method is-config="true" signature="SetUp(org.testng.ITestContext)[pri:0, instance:com.qaautomation.functionaltests.LoginTests@53976f5c]" started-at="2025-03-13T19:35:39 IST" name="SetUp" finished-at="2025-03-13T19:35:43 IST" duration-ms="3795" status="PASS">
          <params>
            <param index="0">
              <value>
                <![CDATA[org.testng.TestRunner@20999517]]>
              </value>
            </param>
          </params>
          <reporter-output>
          </reporter-output>
        </test-method> <!-- SetUp -->
        <test-method signature="TC004_LoginWithEnter(java.lang.String,java.lang.String,java.lang.String)[pri:4, instance:com.qaautomation.functionaltests.LoginTests@53976f5c]" started-at="2025-03-13T19:35:43 IST" name="TC004_LoginWithEnter" data-provider="TC001_TestData" finished-at="2025-03-13T19:35:49 IST" duration-ms="5462" status="PASS">
          <params>
            <param index="0">
              <value>
                <![CDATA[mngr26593]]>
              </value>
            </param>
            <param index="1">
              <value>
                <![CDATA[123Abc@]]>
              </value>
            </param>
            <param index="2">
              <value>
                <![CDATA[Guru99 Bank Manager HomePage]]>
              </value>
            </param>
          </params>
          <reporter-output>
          </reporter-output>
        </test-method> <!-- TC004_LoginWithEnter -->
        <test-method is-config="true" signature="TearDown()[pri:0, instance:com.qaautomation.functionaltests.LoginTests@53976f5c]" started-at="2025-03-13T19:35:49 IST" name="TearDown" finished-at="2025-03-13T19:35:49 IST" duration-ms="219" status="PASS">
          <reporter-output>
          </reporter-output>
        </test-method> <!-- TearDown -->
      </class> <!-- com.qaautomation.functionaltests.LoginTests -->
    </test> <!-- Test -->
  </suite> <!-- Suite -->
</testng-results>
